# JRE version: OpenJDK Runtime Environment Microsoft-11369869 (17.0.15+6) (build 17.0.15+6-LTS)
# Java VM: OpenJDK 64-Bit Server VM Microsoft-11369869 (17.0.15+6-LTS, mixed mode, sharing, tiered, compressed oops, compressed class ptrs, g1 gc, linux-amd64)
GC Precious Log:
 CPUs: 12 total, 12 available
 Memory: 31742M
 Large Page Support: Disabled
 NUMA Support: Disabled
 Compressed Oops: Enabled (Zero based)
 Heap Region Size: 4M
 Heap Min Capacity: 8M
 Heap Initial Capacity: 496M
 Heap Max Capacity: 7936M
 Pre-touch: Disabled
 Parallel Workers: 10
 Concurrent Workers: 3
 Concurrent Refinement Workers: 10
 Periodic GC: Disabled
Heap:
 garbage-first heap   total 315392K, used 70085K [0x0000000610000000, 0x0000000800000000)
  region size 4096K, 10 young (40960K), 1 survivors (4096K)
 Metaspace       used 75915K, committed 76544K, reserved 1179648K
  class space    used 10451K, committed 10752K, reserved 1048576K
GC Heap History (20 events):
Event: 0.967 GC heap before
{Heap before GC invocations=2 (full 0):
 garbage-first heap   total 516096K, used 56992K [0x0000000610000000, 0x0000000800000000)
  region size 4096K, 13 young (53248K), 1 survivors (4096K)
 Metaspace       used 20771K, committed 21056K, reserved 1114112K
  class space    used 2731K, committed 2880K, reserved 1048576K
}
Event: 0.973 GC heap after
{Heap after GC invocations=3 (full 0):
 garbage-first heap   total 516096K, used 16112K [0x0000000610000000, 0x0000000800000000)
  region size 4096K, 2 young (8192K), 2 survivors (8192K)
 Metaspace       used 20771K, committed 21056K, reserved 1114112K
  class space    used 2731K, committed 2880K, reserved 1048576K
}
Event: 0.993 GC heap before
{Heap before GC invocations=3 (full 0):
 garbage-first heap   total 516096K, used 20208K [0x0000000610000000, 0x0000000800000000)
  region size 4096K, 4 young (16384K), 2 survivors (8192K)
 Metaspace       used 21314K, committed 21504K, reserved 1114112K
  class space    used 2792K, committed 2880K, reserved 1048576K
}
Event: 0.996 GC heap after
{Heap after GC invocations=4 (full 0):
 garbage-first heap   total 516096K, used 16672K [0x0000000610000000, 0x0000000800000000)
  region size 4096K, 2 young (8192K), 2 survivors (8192K)
 Metaspace       used 21314K, committed 21504K, reserved 1114112K
  class space    used 2792K, committed 2880K, reserved 1048576K
}
Event: 1.453 GC heap before
{Heap before GC invocations=5 (full 0):
 garbage-first heap   total 98304K, used 65824K [0x0000000610000000, 0x0000000800000000)
  region size 4096K, 14 young (57344K), 2 survivors (8192K)
 Metaspace       used 25633K, committed 25920K, reserved 1114112K
  class space    used 3313K, committed 3456K, reserved 1048576K
}
Event: 1.458 GC heap after
{Heap after GC invocations=6 (full 0):
 garbage-first heap   total 98304K, used 19561K [0x0000000610000000, 0x0000000800000000)
  region size 4096K, 1 young (4096K), 1 survivors (4096K)
 Metaspace       used 25633K, committed 25920K, reserved 1114112K
  class space    used 3313K, committed 3456K, reserved 1048576K
}
Event: 1.503 GC heap before
{Heap before GC invocations=6 (full 0):
 garbage-first heap   total 98304K, used 23657K [0x0000000610000000, 0x0000000800000000)
  region size 4096K, 2 young (8192K), 1 survivors (4096K)
 Metaspace       used 26056K, committed 26368K, reserved 1114112K
  class space    used 3382K, committed 3520K, reserved 1048576K
}
Event: 1.507 GC heap after
{Heap after GC invocations=7 (full 0):
 garbage-first heap   total 303104K, used 20196K [0x0000000610000000, 0x0000000800000000)
  region size 4096K, 1 young (4096K), 1 survivors (4096K)
 Metaspace       used 26056K, committed 26368K, reserved 1114112K
  class space    used 3382K, committed 3520K, reserved 1048576K
}
Event: 2.315 GC heap before
{Heap before GC invocations=7 (full 0):
 garbage-first heap   total 303104K, used 81636K [0x0000000610000000, 0x0000000800000000)
  region size 4096K, 17 young (69632K), 1 survivors (4096K)
 Metaspace       used 35633K, committed 35968K, reserved 1114112K
  class space    used 4708K, committed 4864K, reserved 1048576K
}
Event: 2.319 GC heap after
{Heap after GC invocations=8 (full 0):
 garbage-first heap   total 303104K, used 24631K [0x0000000610000000, 0x0000000800000000)
  region size 4096K, 2 young (8192K), 2 survivors (8192K)
 Metaspace       used 35633K, committed 35968K, reserved 1114112K
  class space    used 4708K, committed 4864K, reserved 1048576K
}
Event: 3.315 GC heap before
{Heap before GC invocations=9 (full 0):
 garbage-first heap   total 122880K, used 90167K [0x0000000610000000, 0x0000000800000000)
  region size 4096K, 18 young (73728K), 2 survivors (8192K)
 Metaspace       used 49420K, committed 49792K, reserved 1114112K
  class space    used 6683K, committed 6848K, reserved 1048576K
}
Event: 3.322 GC heap after
{Heap after GC invocations=10 (full 0):
 garbage-first heap   total 122880K, used 28138K [0x0000000610000000, 0x0000000800000000)
  region size 4096K, 3 young (12288K), 3 survivors (12288K)
 Metaspace       used 49420K, committed 49792K, reserved 1114112K
  class space    used 6683K, committed 6848K, reserved 1048576K
}
Event: 3.419 GC heap before
{Heap before GC invocations=10 (full 0):
 garbage-first heap   total 122880K, used 32234K [0x0000000610000000, 0x0000000800000000)
  region size 4096K, 4 young (16384K), 3 survivors (12288K)
 Metaspace       used 50358K, committed 50816K, reserved 1114112K
  class space    used 6815K, committed 7040K, reserved 1048576K
}
Event: 3.424 GC heap after
{Heap after GC invocations=11 (full 0):
 garbage-first heap   total 122880K, used 28462K [0x0000000610000000, 0x0000000800000000)
  region size 4096K, 1 young (4096K), 1 survivors (4096K)
 Metaspace       used 50358K, committed 50816K, reserved 1114112K
  class space    used 6815K, committed 7040K, reserved 1048576K
}
Event: 3.926 GC heap before
{Heap before GC invocations=11 (full 0):
 garbage-first heap   total 122880K, used 65326K [0x0000000610000000, 0x0000000800000000)
  region size 4096K, 11 young (45056K), 1 survivors (4096K)
 Metaspace       used 59888K, committed 60288K, reserved 1114112K
  class space    used 8291K, committed 8512K, reserved 1048576K
}
Event: 3.928 GC heap after
{Heap after GC invocations=12 (full 0):
 garbage-first heap   total 122880K, used 29080K [0x0000000610000000, 0x0000000800000000)
  region size 4096K, 1 young (4096K), 1 survivors (4096K)
 Metaspace       used 59888K, committed 60288K, reserved 1114112K
  class space    used 8291K, committed 8512K, reserved 1048576K
}
Event: 4.576 GC heap before
{Heap before GC invocations=13 (full 0):
 garbage-first heap   total 122880K, used 86424K [0x0000000610000000, 0x0000000800000000)
  region size 4096K, 15 young (61440K), 1 survivors (4096K)
 Metaspace       used 69305K, committed 69824K, reserved 1114112K
  class space    used 9558K, committed 9792K, reserved 1048576K
}
Event: 4.580 GC heap after
{Heap after GC invocations=14 (full 0):
 garbage-first heap   total 122880K, used 33760K [0x0000000610000000, 0x0000000800000000)
  region size 4096K, 2 young (8192K), 2 survivors (8192K)
 Metaspace       used 69305K, committed 69824K, reserved 1114112K
  class space    used 9558K, committed 9792K, reserved 1048576K
}
Event: 734.320 GC heap before
{Heap before GC invocations=15 (full 0):
 garbage-first heap   total 122880K, used 91104K [0x0000000610000000, 0x0000000800000000)
  region size 4096K, 16 young (65536K), 2 survivors (8192K)
 Metaspace       used 75672K, committed 76224K, reserved 1179648K
  class space    used 10425K, committed 10688K, reserved 1048576K
}
Event: 734.328 GC heap after
{Heap after GC invocations=16 (full 0):
 garbage-first heap   total 315392K, used 37317K [0x0000000610000000, 0x0000000800000000)
  region size 4096K, 1 young (4096K), 1 survivors (4096K)
 Metaspace       used 75672K, committed 76224K, reserved 1179648K
  class space    used 10425K, committed 10688K, reserved 1048576K
}

